D:\Work\Trial\LibraryMgt\LibraryMgt.Web\clientapp\shared\guard\auth.guard.js
D:\Work\Trial\LibraryMgt\LibraryMgt.Web\clientapp\shared\guard\auth.guard.js.map
D:\Work\Trial\LibraryMgt\LibraryMgt.Web\clientapp\component.js
D:\Work\Trial\LibraryMgt\LibraryMgt.Web\clientapp\component.js.map
D:\Work\Trial\LibraryMgt\LibraryMgt.Web\clientapp\module.js
D:\Work\Trial\LibraryMgt\LibraryMgt.Web\clientapp\module.js.map
D:\Work\Trial\LibraryMgt\LibraryMgt.Web\clientapp\app.js
D:\Work\Trial\LibraryMgt\LibraryMgt.Web\clientapp\app.js.map
D:\Work\Trial\LibraryMgt\LibraryMgt.Web\clientapp\backoffice\component.js
D:\Work\Trial\LibraryMgt\LibraryMgt.Web\clientapp\backoffice\component.js.map
D:\Work\Trial\LibraryMgt\LibraryMgt.Web\clientapp\backoffice\module.js
D:\Work\Trial\LibraryMgt\LibraryMgt.Web\clientapp\backoffice\module.js.map
D:\Work\Trial\LibraryMgt\LibraryMgt.Web\clientapp\account\login\model.js
D:\Work\Trial\LibraryMgt\LibraryMgt.Web\clientapp\account\login\model.js.map
D:\Work\Trial\LibraryMgt\LibraryMgt.Web\clientapp\account\login\service.js
D:\Work\Trial\LibraryMgt\LibraryMgt.Web\clientapp\account\login\service.js.map
D:\Work\Trial\LibraryMgt\LibraryMgt.Web\clientapp\account\login\component.js
D:\Work\Trial\LibraryMgt\LibraryMgt.Web\clientapp\account\login\component.js.map
D:\Work\Trial\LibraryMgt\LibraryMgt.Web\clientapp\account\login\module.js
D:\Work\Trial\LibraryMgt\LibraryMgt.Web\clientapp\account\login\module.js.map
D:\Work\Trial\LibraryMgt\LibraryMgt.Web\clientapp\account\register\model.js
D:\Work\Trial\LibraryMgt\LibraryMgt.Web\clientapp\account\register\model.js.map
D:\Work\Trial\LibraryMgt\LibraryMgt.Web\clientapp\account\register\service.js
D:\Work\Trial\LibraryMgt\LibraryMgt.Web\clientapp\account\register\service.js.map
D:\Work\Trial\LibraryMgt\LibraryMgt.Web\clientapp\account\register\component.js
D:\Work\Trial\LibraryMgt\LibraryMgt.Web\clientapp\account\register\component.js.map
D:\Work\Trial\LibraryMgt\LibraryMgt.Web\clientapp\account\register\module.js
D:\Work\Trial\LibraryMgt\LibraryMgt.Web\clientapp\account\register\module.js.map
D:\Work\Trial\LibraryMgt\LibraryMgt.Web\clientapp\backoffice\authors\component.js
D:\Work\Trial\LibraryMgt\LibraryMgt.Web\clientapp\backoffice\authors\component.js.map
D:\Work\Trial\LibraryMgt\LibraryMgt.Web\clientapp\backoffice\authors\module.js
D:\Work\Trial\LibraryMgt\LibraryMgt.Web\clientapp\backoffice\authors\module.js.map
D:\Work\Trial\LibraryMgt\LibraryMgt.Web\clientapp\backoffice\books\component.js
D:\Work\Trial\LibraryMgt\LibraryMgt.Web\clientapp\backoffice\books\component.js.map
D:\Work\Trial\LibraryMgt\LibraryMgt.Web\clientapp\backoffice\books\module.js
D:\Work\Trial\LibraryMgt\LibraryMgt.Web\clientapp\backoffice\books\module.js.map
D:\Work\Trial\LibraryMgt\LibraryMgt.Web\clientapp\backoffice\categories\component.js
D:\Work\Trial\LibraryMgt\LibraryMgt.Web\clientapp\backoffice\categories\component.js.map
D:\Work\Trial\LibraryMgt\LibraryMgt.Web\clientapp\backoffice\categories\module.js
D:\Work\Trial\LibraryMgt\LibraryMgt.Web\clientapp\backoffice\categories\module.js.map
D:\Work\Trial\LibraryMgt\LibraryMgt.Web\clientapp\backoffice\dashboard\component.js
D:\Work\Trial\LibraryMgt\LibraryMgt.Web\clientapp\backoffice\dashboard\component.js.map
D:\Work\Trial\LibraryMgt\LibraryMgt.Web\clientapp\backoffice\dashboard\module.js
D:\Work\Trial\LibraryMgt\LibraryMgt.Web\clientapp\backoffice\dashboard\module.js.map
D:\Work\Trial\LibraryMgt\LibraryMgt.Web\clientapp\backoffice\reports\component.js
D:\Work\Trial\LibraryMgt\LibraryMgt.Web\clientapp\backoffice\reports\component.js.map
D:\Work\Trial\LibraryMgt\LibraryMgt.Web\clientapp\backoffice\reports\module.js
D:\Work\Trial\LibraryMgt\LibraryMgt.Web\clientapp\backoffice\reports\module.js.map
D:\Work\Trial\LibraryMgt\LibraryMgt.Web\clientapp\backoffice\users\component.js
D:\Work\Trial\LibraryMgt\LibraryMgt.Web\clientapp\backoffice\users\component.js.map
D:\Work\Trial\LibraryMgt\LibraryMgt.Web\clientapp\backoffice\users\module.js
D:\Work\Trial\LibraryMgt\LibraryMgt.Web\clientapp\backoffice\users\module.js.map
